<?xml version="1.0" encoding="UTF-8"?>
<!-- Generated by org.testng.reporters.JUnitReportReporter -->
<testsuite name="testcases.TPA.TC_001_HomePage" tests="1" time="46.398" ignored="0" failures="0" timestamp="18 Jul 2019 06:53:12 GMT" skipped="0" hostname="VMEXTPRS18968" errors="0">
  <testcase name="PSW" time="46.398" classname="testcases.TPA.TC_001_HomePage"/>
</testsuite> <!-- testcases.TPA.TC_001_HomePage -->
