<?xml version="1.0" encoding="UTF-8"?>
<!-- Generated by org.testng.reporters.JUnitReportReporter -->
<testsuite name="testcases.FRW.TC_004_Miscellaneous" tests="1" time="96.786" ignored="50" failures="0" timestamp="27 Jan 2020 13:43:34 GMT" skipped="0" hostname="VMEXTPRS18968" errors="0">
  <testcase name="myProfile" time="96.786" classname="testcases.FRW.TC_004_Miscellaneous"/>
  <testcase name="afterSuite" classname="test.Sel.Project">
    <skipped/>
  </testcase> <!-- afterSuite -->
  <testcase name="afterSuite" classname="test.Sel.Project">
    <skipped/>
  </testcase> <!-- afterSuite -->
  <testcase name="afterSuite" classname="test.Sel.Project">
    <skipped/>
  </testcase> <!-- afterSuite -->
  <testcase name="afterSuite" classname="test.Sel.Project">
    <skipped/>
  </testcase> <!-- afterSuite -->
  <testcase name="afterSuite" classname="test.Sel.Project">
    <skipped/>
  </testcase> <!-- afterSuite -->
  <testcase name="afterSuite" classname="test.Sel.Project">
    <skipped/>
  </testcase> <!-- afterSuite -->
  <testcase name="afterSuite" classname="test.Sel.Project">
    <skipped/>
  </testcase> <!-- afterSuite -->
  <testcase name="afterSuite" classname="test.Sel.Project">
    <skipped/>
  </testcase> <!-- afterSuite -->
  <testcase name="afterSuite" classname="test.Sel.Project">
    <skipped/>
  </testcase> <!-- afterSuite -->
  <testcase name="afterSuite" classname="test.Sel.Project">
    <skipped/>
  </testcase> <!-- afterSuite -->
  <testcase name="afterSuite" classname="test.Sel.Project">
    <skipped/>
  </testcase> <!-- afterSuite -->
  <testcase name="afterSuite" classname="test.Sel.Project">
    <skipped/>
  </testcase> <!-- afterSuite -->
  <testcase name="afterSuite" classname="test.Sel.Project">
    <skipped/>
  </testcase> <!-- afterSuite -->
  <testcase name="afterSuite" classname="test.Sel.Project">
    <skipped/>
  </testcase> <!-- afterSuite -->
  <testcase name="afterSuite" classname="test.Sel.Project">
    <skipped/>
  </testcase> <!-- afterSuite -->
  <testcase name="afterSuite" classname="test.Sel.Project">
    <skipped/>
  </testcase> <!-- afterSuite -->
  <testcase name="afterSuite" classname="test.Sel.Project">
    <skipped/>
  </testcase> <!-- afterSuite -->
  <testcase name="afterSuite" classname="test.Sel.Project">
    <skipped/>
  </testcase> <!-- afterSuite -->
  <testcase name="afterSuite" classname="test.Sel.Project">
    <skipped/>
  </testcase> <!-- afterSuite -->
  <testcase name="afterSuite" classname="test.Sel.Project">
    <skipped/>
  </testcase> <!-- afterSuite -->
  <testcase name="afterSuite" classname="test.Sel.Project">
    <skipped/>
  </testcase> <!-- afterSuite -->
  <testcase name="afterSuite" classname="test.Sel.Project">
    <skipped/>
  </testcase> <!-- afterSuite -->
  <testcase name="afterSuite" classname="test.Sel.Project">
    <skipped/>
  </testcase> <!-- afterSuite -->
  <testcase name="afterSuite" classname="test.Sel.Project">
    <skipped/>
  </testcase> <!-- afterSuite -->
  <testcase name="afterSuite" classname="test.Sel.Project">
    <skipped/>
  </testcase> <!-- afterSuite -->
  <testcase name="beforeSuite" classname="test.Sel.Project">
    <skipped/>
  </testcase> <!-- beforeSuite -->
  <testcase name="beforeSuite" classname="test.Sel.Project">
    <skipped/>
  </testcase> <!-- beforeSuite -->
  <testcase name="beforeSuite" classname="test.Sel.Project">
    <skipped/>
  </testcase> <!-- beforeSuite -->
  <testcase name="beforeSuite" classname="test.Sel.Project">
    <skipped/>
  </testcase> <!-- beforeSuite -->
  <testcase name="beforeSuite" classname="test.Sel.Project">
    <skipped/>
  </testcase> <!-- beforeSuite -->
  <testcase name="beforeSuite" classname="test.Sel.Project">
    <skipped/>
  </testcase> <!-- beforeSuite -->
  <testcase name="beforeSuite" classname="test.Sel.Project">
    <skipped/>
  </testcase> <!-- beforeSuite -->
  <testcase name="beforeSuite" classname="test.Sel.Project">
    <skipped/>
  </testcase> <!-- beforeSuite -->
  <testcase name="beforeSuite" classname="test.Sel.Project">
    <skipped/>
  </testcase> <!-- beforeSuite -->
  <testcase name="beforeSuite" classname="test.Sel.Project">
    <skipped/>
  </testcase> <!-- beforeSuite -->
  <testcase name="beforeSuite" classname="test.Sel.Project">
    <skipped/>
  </testcase> <!-- beforeSuite -->
  <testcase name="beforeSuite" classname="test.Sel.Project">
    <skipped/>
  </testcase> <!-- beforeSuite -->
  <testcase name="beforeSuite" classname="test.Sel.Project">
    <skipped/>
  </testcase> <!-- beforeSuite -->
  <testcase name="beforeSuite" classname="test.Sel.Project">
    <skipped/>
  </testcase> <!-- beforeSuite -->
  <testcase name="beforeSuite" classname="test.Sel.Project">
    <skipped/>
  </testcase> <!-- beforeSuite -->
  <testcase name="beforeSuite" classname="test.Sel.Project">
    <skipped/>
  </testcase> <!-- beforeSuite -->
  <testcase name="beforeSuite" classname="test.Sel.Project">
    <skipped/>
  </testcase> <!-- beforeSuite -->
  <testcase name="beforeSuite" classname="test.Sel.Project">
    <skipped/>
  </testcase> <!-- beforeSuite -->
  <testcase name="beforeSuite" classname="test.Sel.Project">
    <skipped/>
  </testcase> <!-- beforeSuite -->
  <testcase name="beforeSuite" classname="test.Sel.Project">
    <skipped/>
  </testcase> <!-- beforeSuite -->
  <testcase name="beforeSuite" classname="test.Sel.Project">
    <skipped/>
  </testcase> <!-- beforeSuite -->
  <testcase name="beforeSuite" classname="test.Sel.Project">
    <skipped/>
  </testcase> <!-- beforeSuite -->
  <testcase name="beforeSuite" classname="test.Sel.Project">
    <skipped/>
  </testcase> <!-- beforeSuite -->
  <testcase name="beforeSuite" classname="test.Sel.Project">
    <skipped/>
  </testcase> <!-- beforeSuite -->
  <testcase name="beforeSuite" classname="test.Sel.Project">
    <skipped/>
  </testcase> <!-- beforeSuite -->
</testsuite> <!-- testcases.FRW.TC_004_Miscellaneous -->
