<?xml version="1.0" encoding="UTF-8"?>
<!-- Generated by org.testng.reporters.JUnitReportReporter -->
<testsuite hostname="VAX00448" name="testcases.PSW.TC_008_GettingHelpAndNews" tests="1" failures="0" timestamp="11 Oct 2020 09:18:34 GMT" time="337.832" errors="0">
  <testcase name="QuickLinks" time="337.832" classname="testcases.PSW.TC_008_GettingHelpAndNews"/>
</testsuite> <!-- testcases.PSW.TC_008_GettingHelpAndNews -->
