<?xml version="1.0" encoding="UTF-8"?>
<!-- Generated by org.testng.reporters.JUnitReportReporter -->
<testsuite skipped="0" hostname="VAX02296" name="stringTest.FrwPlanReview" tests="1" failures="0" timestamp="19 Feb 2021 13:58:17 GMT" time="315.141" errors="0">
  <testcase name="HomePage" time="315.141" classname="stringTest.FrwPlanReview"/>
</testsuite> <!-- stringTest.FrwPlanReview -->
