<?xml version="1.0" encoding="UTF-8"?>
<!-- Generated by org.testng.reporters.JUnitReportReporter -->
<testsuite hostname="VAX00448" name="testcases.FRW.TC_001_Home" tests="1" failures="0" timestamp="11 Oct 2020 09:36:41 GMT" time="274.605" errors="0">
  <testcase name="HomePage" time="274.605" classname="testcases.FRW.TC_001_Home"/>
</testsuite> <!-- testcases.FRW.TC_001_Home -->
