<?xml version="1.0" encoding="UTF-8"?>
<!-- Generated by org.testng.reporters.JUnitReportReporter -->
<testsuite name="testcases.TPA.TC_004_Fiduciary" tests="1" time="235.352" ignored="0" failures="0" timestamp="27 Jun 2019 06:12:15 GMT" skipped="0" hostname="VMEXTPRS18968" errors="0">
  <testcase name="QuickLinks" time="235.352" classname="testcases.TPA.TC_004_Fiduciary"/>
</testsuite> <!-- testcases.TPA.TC_004_Fiduciary -->
