<?xml version="1.0" encoding="UTF-8"?>
<!-- Generated by org.testng.reporters.JUnitReportReporter -->
<testsuite hostname="VAX00448" name="testcases.PSW.TC_006_Transaction" tests="1" failures="0" timestamp="11 Oct 2020 09:25:21 GMT" time="89.907" errors="0">
  <testcase name="QuickLinks" time="89.907" classname="testcases.PSW.TC_006_Transaction"/>
</testsuite> <!-- testcases.PSW.TC_006_Transaction -->
