<?xml version="1.0" encoding="UTF-8"?>
<!-- Generated by org.testng.reporters.JUnitReportReporter -->
<testsuite name="testcases.TPA.TC_002_YourContractReports" tests="1" time="51.633" ignored="0" failures="0" timestamp="27 Jun 2019 05:30:17 GMT" skipped="0" hostname="VMEXTPRS18968" errors="0">
  <testcase name="QuickLinks" time="51.633" classname="testcases.TPA.TC_002_YourContractReports"/>
</testsuite> <!-- testcases.TPA.TC_002_YourContractReports -->
