<?xml version="1.0" encoding="UTF-8"?>
<!-- Generated by org.testng.reporters.JUnitReportReporter -->
<testsuite skipped="0" hostname="VAX02296" name="GPSOTest.GPSOT_20" tests="1" failures="0" timestamp="25 Feb 2021 14:14:50 GMT" time="75.287" errors="0">
  <testcase name="GPSOT_20_Test" time="75.287" classname="GPSOTest.GPSOT_20"/>
</testsuite> <!-- GPSOTest.GPSOT_20 -->
