<?xml version="1.0" encoding="UTF-8"?>
<!-- Generated by org.testng.reporters.JUnitReportReporter -->
<testsuite skipped="0" hostname="VAX02296" name="testcases.EZK.TC_005_MyProfile" tests="1" failures="0" timestamp="17 Dec 2020 12:30:27 GMT" time="51.685" errors="0">
  <testcase name="QuickLinks" time="51.685" classname="testcases.EZK.TC_005_MyProfile"/>
</testsuite> <!-- testcases.EZK.TC_005_MyProfile -->
