<?xml version="1.0" encoding="UTF-8"?>
<!-- Generated by org.testng.reporters.JUnitReportReporter -->
<testsuite hostname="VAX01391" name="testcases.TPA.TC_008_TPA_Investments" tests="1" failures="0" timestamp="10 Jul 2020 12:22:44 GMT" time="132.496" errors="0">
  <testcase name="TPA_Investments" time="132.496" classname="testcases.TPA.TC_008_TPA_Investments"/>
</testsuite> <!-- testcases.TPA.TC_008_TPA_Investments -->
