<?xml version="1.0" encoding="UTF-8"?>
<!-- Generated by org.testng.reporters.JUnitReportReporter -->
<testsuite skipped="0" hostname="VAX02296" name="testcases.EZK.TC_001_HomePage" tests="1" failures="0" timestamp="17 Dec 2020 12:30:26 GMT" time="376.868" errors="0">
  <testcase name="HomePage" time="376.868" classname="testcases.EZK.TC_001_HomePage"/>
</testsuite> <!-- testcases.EZK.TC_001_HomePage -->
