<?xml version="1.0" encoding="UTF-8"?>
<!-- Generated by org.testng.reporters.JUnitReportReporter -->
<testsuite hostname="VAX01391" name="testcases.TPA.TC_008_TPA_Participants" tests="1" failures="0" timestamp="8 Mar 2020 17:11:30 GMT" time="121.823" errors="0">
  <testcase name="TPA_Participants" time="121.823" classname="testcases.TPA.TC_008_TPA_Participants"/>
</testsuite> <!-- testcases.TPA.TC_008_TPA_Participants -->
