<?xml version="1.0" encoding="UTF-8"?>
<!-- Generated by org.testng.reporters.JUnitReportReporter -->
<testsuite hostname="VAX00448" name="testcases.FRW.TC_004_BobOverview" tests="1" failures="0" timestamp="11 Oct 2020 09:36:41 GMT" time="254.498" errors="0">
  <testcase name="myProfile" time="254.498" classname="testcases.FRW.TC_004_BobOverview"/>
</testsuite> <!-- testcases.FRW.TC_004_BobOverview -->
