<?xml version="1.0" encoding="UTF-8"?>
<!-- Generated by org.testng.reporters.JUnitReportReporter -->
<testsuite hostname="VAX01391" name="testcases.TPA.TC_011_TPA_Miscellaneous" tests="1" failures="0" timestamp="8 Mar 2020 17:11:30 GMT" time="110.240" errors="0">
  <testcase name="TPA_Miscellaneous" time="110.240" classname="testcases.TPA.TC_011_TPA_Miscellaneous"/>
</testsuite> <!-- testcases.TPA.TC_011_TPA_Miscellaneous -->
