<?xml version="1.0" encoding="UTF-8"?>
<!-- Generated by org.testng.reporters.JUnitReportReporter -->
<testsuite hostname="VAX00448" name="testcases.FRW.TC_002_MyProfile" tests="1" failures="0" timestamp="11 Oct 2020 09:36:41 GMT" time="270.262" errors="0">
  <testcase name="myProfile" time="270.262" classname="testcases.FRW.TC_002_MyProfile"/>
</testsuite> <!-- testcases.FRW.TC_002_MyProfile -->
