<?xml version="1.0" encoding="UTF-8"?>
<!-- Generated by org.testng.reporters.JUnitReportReporter -->
<testsuite hostname="VAX00448" name="testcases.TPA.TC_007_TPA_Investments" tests="1" failures="0" timestamp="11 Oct 2020 10:02:53 GMT" time="311.656" errors="0">
  <testcase name="TPA_Investments" time="311.656" classname="testcases.TPA.TC_007_TPA_Investments"/>
</testsuite> <!-- testcases.TPA.TC_007_TPA_Investments -->
