<?xml version="1.0" encoding="UTF-8"?>
<!-- Generated by org.testng.reporters.JUnitReportReporter -->
<testsuite skipped="0" hostname="VAX02296" name="GPSOTest.GPSOT_19" tests="1" failures="0" timestamp="25 Feb 2021 14:05:00 GMT" time="74.166" errors="0">
  <testcase name="GPSOT_19_Test" time="74.166" classname="GPSOTest.GPSOT_19"/>
</testsuite> <!-- GPSOTest.GPSOT_19 -->
