<?xml version="1.0" encoding="UTF-8"?>
<!-- Generated by org.testng.reporters.JUnitReportReporter -->
<testsuite hostname="VAX01391" name="testcases.TPA.TC_007_TPAEmployee" tests="1" failures="0" timestamp="10 Jul 2020 12:22:44 GMT" time="150.835" errors="0">
  <testcase name="TPAEmployee" time="150.835" classname="testcases.TPA.TC_007_TPAEmployee"/>
</testsuite> <!-- testcases.TPA.TC_007_TPAEmployee -->
