<?xml version="1.0" encoding="UTF-8"?>
<!-- Generated by org.testng.reporters.JUnitReportReporter -->
<testsuite name="testcases.NSW.TC_001_ContractContextPage" tests="1" time="35.524" ignored="0" failures="0" timestamp="19 Sep 2019 06:38:31 GMT" skipped="0" hostname="VMEXTPRS18968" errors="0">
  <testcase name="ContractContextPage" time="35.524" classname="testcases.NSW.TC_001_ContractContextPage"/>
</testsuite> <!-- testcases.NSW.TC_001_ContractContextPage -->
