<?xml version="1.0" encoding="UTF-8"?>
<!-- Generated by org.testng.reporters.JUnitReportReporter -->
<testsuite hostname="VAX00448" name="testcases.TPA.TC_001_BOB" tests="1" failures="0" timestamp="11 Oct 2020 10:02:53 GMT" time="393.795" errors="0">
  <testcase name="bob" time="393.795" classname="testcases.TPA.TC_001_BOB"/>
</testsuite> <!-- testcases.TPA.TC_001_BOB -->
