<?xml version="1.0" encoding="UTF-8"?>
<!-- Generated by org.testng.reporters.JUnitReportReporter -->
<testsuite hostname="VAX01391" name="testcases.PSW.TC_007_EmployeePages" tests="1" failures="0" timestamp="10 Jul 2020 12:22:44 GMT" time="70.324" errors="0">
  <testcase name="QuickLinks" time="70.324" classname="testcases.PSW.TC_007_EmployeePages"/>
</testsuite> <!-- testcases.PSW.TC_007_EmployeePages -->
