<?xml version="1.0" encoding="UTF-8"?>
<!-- Generated by org.testng.reporters.JUnitReportReporter -->
<testsuite name="testcases.NSW.TC_002_ContractContext" tests="1" time="51.710" ignored="58" failures="0" timestamp="17 Oct 2019 08:52:19 GMT" skipped="0" hostname="VMEXTPRS18968" errors="0">
  <testcase name="ContractContextPage" time="51.710" classname="testcases.NSW.TC_002_ContractContext"/>
  <testcase name="afterSuite" classname="test.Sel.Project">
    <skipped/>
  </testcase> <!-- afterSuite -->
  <testcase name="afterSuite" classname="test.Sel.Project">
    <skipped/>
  </testcase> <!-- afterSuite -->
  <testcase name="afterSuite" classname="test.Sel.Project">
    <skipped/>
  </testcase> <!-- afterSuite -->
  <testcase name="afterSuite" classname="test.Sel.Project">
    <skipped/>
  </testcase> <!-- afterSuite -->
  <testcase name="afterSuite" classname="test.Sel.Project">
    <skipped/>
  </testcase> <!-- afterSuite -->
  <testcase name="afterSuite" classname="test.Sel.Project">
    <skipped/>
  </testcase> <!-- afterSuite -->
  <testcase name="afterSuite" classname="test.Sel.Project">
    <skipped/>
  </testcase> <!-- afterSuite -->
  <testcase name="afterSuite" classname="test.Sel.Project">
    <skipped/>
  </testcase> <!-- afterSuite -->
  <testcase name="afterSuite" classname="test.Sel.Project">
    <skipped/>
  </testcase> <!-- afterSuite -->
  <testcase name="afterSuite" classname="test.Sel.Project">
    <skipped/>
  </testcase> <!-- afterSuite -->
  <testcase name="afterSuite" classname="test.Sel.Project">
    <skipped/>
  </testcase> <!-- afterSuite -->
  <testcase name="afterSuite" classname="test.Sel.Project">
    <skipped/>
  </testcase> <!-- afterSuite -->
  <testcase name="afterSuite" classname="test.Sel.Project">
    <skipped/>
  </testcase> <!-- afterSuite -->
  <testcase name="afterSuite" classname="test.Sel.Project">
    <skipped/>
  </testcase> <!-- afterSuite -->
  <testcase name="afterSuite" classname="test.Sel.Project">
    <skipped/>
  </testcase> <!-- afterSuite -->
  <testcase name="afterSuite" classname="test.Sel.Project">
    <skipped/>
  </testcase> <!-- afterSuite -->
  <testcase name="afterSuite" classname="test.Sel.Project">
    <skipped/>
  </testcase> <!-- afterSuite -->
  <testcase name="afterSuite" classname="test.Sel.Project">
    <skipped/>
  </testcase> <!-- afterSuite -->
  <testcase name="afterSuite" classname="test.Sel.Project">
    <skipped/>
  </testcase> <!-- afterSuite -->
  <testcase name="afterSuite" classname="test.Sel.Project">
    <skipped/>
  </testcase> <!-- afterSuite -->
  <testcase name="afterSuite" classname="test.Sel.Project">
    <skipped/>
  </testcase> <!-- afterSuite -->
  <testcase name="afterSuite" classname="test.Sel.Project">
    <skipped/>
  </testcase> <!-- afterSuite -->
  <testcase name="afterSuite" classname="test.Sel.Project">
    <skipped/>
  </testcase> <!-- afterSuite -->
  <testcase name="afterSuite" classname="test.Sel.Project">
    <skipped/>
  </testcase> <!-- afterSuite -->
  <testcase name="afterSuite" classname="test.Sel.Project">
    <skipped/>
  </testcase> <!-- afterSuite -->
  <testcase name="afterSuite" classname="test.Sel.Project">
    <skipped/>
  </testcase> <!-- afterSuite -->
  <testcase name="afterSuite" classname="test.Sel.Project">
    <skipped/>
  </testcase> <!-- afterSuite -->
  <testcase name="afterSuite" classname="test.Sel.Project">
    <skipped/>
  </testcase> <!-- afterSuite -->
  <testcase name="afterSuite" classname="test.Sel.Project">
    <skipped/>
  </testcase> <!-- afterSuite -->
  <testcase name="beforeSuite" classname="test.Sel.Project">
    <skipped/>
  </testcase> <!-- beforeSuite -->
  <testcase name="beforeSuite" classname="test.Sel.Project">
    <skipped/>
  </testcase> <!-- beforeSuite -->
  <testcase name="beforeSuite" classname="test.Sel.Project">
    <skipped/>
  </testcase> <!-- beforeSuite -->
  <testcase name="beforeSuite" classname="test.Sel.Project">
    <skipped/>
  </testcase> <!-- beforeSuite -->
  <testcase name="beforeSuite" classname="test.Sel.Project">
    <skipped/>
  </testcase> <!-- beforeSuite -->
  <testcase name="beforeSuite" classname="test.Sel.Project">
    <skipped/>
  </testcase> <!-- beforeSuite -->
  <testcase name="beforeSuite" classname="test.Sel.Project">
    <skipped/>
  </testcase> <!-- beforeSuite -->
  <testcase name="beforeSuite" classname="test.Sel.Project">
    <skipped/>
  </testcase> <!-- beforeSuite -->
  <testcase name="beforeSuite" classname="test.Sel.Project">
    <skipped/>
  </testcase> <!-- beforeSuite -->
  <testcase name="beforeSuite" classname="test.Sel.Project">
    <skipped/>
  </testcase> <!-- beforeSuite -->
  <testcase name="beforeSuite" classname="test.Sel.Project">
    <skipped/>
  </testcase> <!-- beforeSuite -->
  <testcase name="beforeSuite" classname="test.Sel.Project">
    <skipped/>
  </testcase> <!-- beforeSuite -->
  <testcase name="beforeSuite" classname="test.Sel.Project">
    <skipped/>
  </testcase> <!-- beforeSuite -->
  <testcase name="beforeSuite" classname="test.Sel.Project">
    <skipped/>
  </testcase> <!-- beforeSuite -->
  <testcase name="beforeSuite" classname="test.Sel.Project">
    <skipped/>
  </testcase> <!-- beforeSuite -->
  <testcase name="beforeSuite" classname="test.Sel.Project">
    <skipped/>
  </testcase> <!-- beforeSuite -->
  <testcase name="beforeSuite" classname="test.Sel.Project">
    <skipped/>
  </testcase> <!-- beforeSuite -->
  <testcase name="beforeSuite" classname="test.Sel.Project">
    <skipped/>
  </testcase> <!-- beforeSuite -->
  <testcase name="beforeSuite" classname="test.Sel.Project">
    <skipped/>
  </testcase> <!-- beforeSuite -->
  <testcase name="beforeSuite" classname="test.Sel.Project">
    <skipped/>
  </testcase> <!-- beforeSuite -->
  <testcase name="beforeSuite" classname="test.Sel.Project">
    <skipped/>
  </testcase> <!-- beforeSuite -->
  <testcase name="beforeSuite" classname="test.Sel.Project">
    <skipped/>
  </testcase> <!-- beforeSuite -->
  <testcase name="beforeSuite" classname="test.Sel.Project">
    <skipped/>
  </testcase> <!-- beforeSuite -->
  <testcase name="beforeSuite" classname="test.Sel.Project">
    <skipped/>
  </testcase> <!-- beforeSuite -->
  <testcase name="beforeSuite" classname="test.Sel.Project">
    <skipped/>
  </testcase> <!-- beforeSuite -->
  <testcase name="beforeSuite" classname="test.Sel.Project">
    <skipped/>
  </testcase> <!-- beforeSuite -->
  <testcase name="beforeSuite" classname="test.Sel.Project">
    <skipped/>
  </testcase> <!-- beforeSuite -->
  <testcase name="beforeSuite" classname="test.Sel.Project">
    <skipped/>
  </testcase> <!-- beforeSuite -->
  <testcase name="beforeSuite" classname="test.Sel.Project">
    <skipped/>
  </testcase> <!-- beforeSuite -->
</testsuite> <!-- testcases.NSW.TC_002_ContractContext -->
