<?xml version="1.0" encoding="UTF-8"?>
<!-- Generated by org.testng.reporters.JUnitReportReporter -->
<testsuite skipped="0" hostname="VAX02296" name="stringTest.EZK_US" tests="1" failures="0" timestamp="19 Feb 2021 13:58:17 GMT" time="353.990" errors="0">
  <testcase name="EZK_US" time="353.990" classname="stringTest.EZK_US"/>
</testsuite> <!-- stringTest.EZK_US -->
