<?xml version="1.0" encoding="UTF-8"?>
<!-- Generated by org.testng.reporters.JUnitReportReporter -->
<testsuite hostname="VAX00448" name="testcases.PSW.TC_004_Fiduciary" tests="1" failures="0" timestamp="11 Oct 2020 09:18:34 GMT" time="377.625" errors="0">
  <testcase name="QuickLinks" time="377.625" classname="testcases.PSW.TC_004_Fiduciary"/>
</testsuite> <!-- testcases.PSW.TC_004_Fiduciary -->
