<?xml version="1.0" encoding="UTF-8"?>
<!-- Generated by org.testng.reporters.JUnitReportReporter -->
<testsuite hostname="VAX00448" name="testcases.PSW.TC_001_HomePage" tests="1" failures="0" timestamp="11 Oct 2020 09:18:34 GMT" time="385.488" errors="0">
  <testcase name="PSW" time="385.488" classname="testcases.PSW.TC_001_HomePage"/>
</testsuite> <!-- testcases.PSW.TC_001_HomePage -->
