<?xml version="1.0" encoding="UTF-8"?>
<!-- Generated by org.testng.reporters.JUnitReportReporter -->
<testsuite name="testcases.TPA.TC_003_Tools" tests="1" time="38.048" ignored="0" failures="0" timestamp="27 Jun 2019 05:50:06 GMT" skipped="0" hostname="VMEXTPRS18968" errors="0">
  <testcase name="QuickLinks" time="38.048" classname="testcases.TPA.TC_003_Tools"/>
</testsuite> <!-- testcases.TPA.TC_003_Tools -->
