<?xml version="1.0" encoding="UTF-8"?>
<!-- Generated by org.testng.reporters.JUnitReportReporter -->
<testsuite hostname="VAX00448" name="testcases.TPA.TC_008_TPA_Miscellaneous" tests="1" failures="0" timestamp="11 Oct 2020 10:02:53 GMT" time="394.996" errors="0">
  <testcase name="TPA_Miscellaneous" time="394.996" classname="testcases.TPA.TC_008_TPA_Miscellaneous"/>
</testsuite> <!-- testcases.TPA.TC_008_TPA_Miscellaneous -->
