<?xml version="1.0" encoding="UTF-8"?>
<!-- Generated by org.testng.reporters.JUnitReportReporter -->
<testsuite skipped="0" hostname="VAX02296" name="GPSOTest.GPSOT_19_20" tests="1" failures="0" timestamp="25 Feb 2021 12:43:13 GMT" time="225.732" errors="0">
  <testcase name="GPSOT_19_20_Test" time="225.732" classname="GPSOTest.GPSOT_19_20"/>
</testsuite> <!-- GPSOTest.GPSOT_19_20 -->
