<?xml version="1.0" encoding="UTF-8"?>
<!-- Generated by org.testng.reporters.JUnitReportReporter -->
<testsuite hostname="VAX00448" name="testcases.TPA.TC_003_EDownloads" tests="1" failures="0" timestamp="11 Oct 2020 10:02:53 GMT" time="372.193" errors="0">
  <testcase name="FundsAndPerformance" time="372.193" classname="testcases.TPA.TC_003_EDownloads"/>
</testsuite> <!-- testcases.TPA.TC_003_EDownloads -->
