<?xml version="1.0" encoding="UTF-8"?>
<!-- Generated by org.testng.reporters.JUnitReportReporter -->
<testsuite skipped="0" hostname="VAX02296" name="stringTest.PSW" tests="1" failures="0" timestamp="19 Feb 2021 13:58:17 GMT" time="453.089" errors="0">
  <testcase name="PSW" time="453.089" classname="stringTest.PSW"/>
</testsuite> <!-- stringTest.PSW -->
