<?xml version="1.0" encoding="UTF-8"?>
<!-- Generated by org.testng.reporters.JUnitReportReporter -->
<testsuite hostname="VAX01391" name="testcases.TPA.TC_009_TPA_Transactions" tests="1" failures="0" timestamp="8 Mar 2020 17:11:29 GMT" time="99.622" errors="0">
  <testcase name="TPA_Transactions" time="99.622" classname="testcases.TPA.TC_009_TPA_Transactions"/>
</testsuite> <!-- testcases.TPA.TC_009_TPA_Transactions -->
