<?xml version="1.0" encoding="UTF-8"?>
<!-- Generated by org.testng.reporters.JUnitReportReporter -->
<testsuite skipped="1" hostname="VBX01548" name="testcases.TPA.TC_005_TPAContracts" tests="2" failures="0" timestamp="28 Oct 2020 12:10:53 GMT" time="21.588" errors="1">
  <testcase name="TPAContracts" time="0.003" classname="testcases.TPA.TC_005_TPAContracts">
    <skipped/>
  </testcase> <!-- TPAContracts -->
  <testcase name="login" time="21.585" classname="testcases.TPA.TC_005_TPAContracts">
    <error type="java.lang.RuntimeException" message="The value specified is not available in the property file">
      <![CDATA[java.lang.RuntimeException: The value specified is not available in the property file
	at test.Sel.CommonMethods.configFileReader(CommonMethods.java:113)
	at test.Sel.CommonMethods.startApp(CommonMethods.java:84)
	at test.Sel.Project.login(Project.java:28)
	at sun.reflect.NativeMethodAccessorImpl.invoke0(Native Method)
	at sun.reflect.NativeMethodAccessorImpl.invoke(Unknown Source)
	at sun.reflect.DelegatingMethodAccessorImpl.invoke(Unknown Source)
	at java.lang.reflect.Method.invoke(Unknown Source)
	at org.testng.internal.MethodInvocationHelper.invokeMethod(MethodInvocationHelper.java:108)
	at org.testng.internal.Invoker.invokeConfigurationMethod(Invoker.java:523)
	at org.testng.internal.Invoker.invokeConfigurations(Invoker.java:224)
	at org.testng.internal.Invoker.invokeMethod(Invoker.java:599)
	at org.testng.internal.Invoker.invokeTestMethod(Invoker.java:869)
	at org.testng.internal.TestMethodWithDataProviderMethodWorker.call(TestMethodWithDataProviderMethodWorker.java:75)
	at org.testng.internal.TestMethodWithDataProviderMethodWorker.call(TestMethodWithDataProviderMethodWorker.java:14)
	at java.util.concurrent.FutureTask.run(Unknown Source)
	at java.util.concurrent.Executors$RunnableAdapter.call(Unknown Source)
	at java.util.concurrent.FutureTask.run(Unknown Source)
	at java.util.concurrent.ThreadPoolExecutor.runWorker(Unknown Source)
	at java.util.concurrent.ThreadPoolExecutor$Worker.run(Unknown Source)
	at java.lang.Thread.run(Unknown Source)
]]>
    </error>
  </testcase> <!-- login -->
</testsuite> <!-- testcases.TPA.TC_005_TPAContracts -->
