<?xml version="1.0" encoding="UTF-8"?>
<!-- Generated by org.testng.reporters.JUnitReportReporter -->
<testsuite hostname="VAX01391" name="testcases.TPA.TC_010_TPA_Investments" tests="1" failures="0" timestamp="8 Mar 2020 17:11:29 GMT" time="142.873" errors="0">
  <testcase name="TPA_Investments" time="142.873" classname="testcases.TPA.TC_010_TPA_Investments"/>
</testsuite> <!-- testcases.TPA.TC_010_TPA_Investments -->
