<?xml version="1.0" encoding="UTF-8"?>
<!-- Generated by org.testng.reporters.JUnitReportReporter -->
<testsuite skipped="0" hostname="VAX02296" name="testcases.EZK.TC_003_Learn" tests="1" failures="0" timestamp="17 Dec 2020 12:30:26 GMT" time="69.617" errors="0">
  <testcase name="HomePage" time="69.617" classname="testcases.EZK.TC_003_Learn"/>
</testsuite> <!-- testcases.EZK.TC_003_Learn -->
