<?xml version="1.0" encoding="UTF-8"?>
<!-- Generated by org.testng.reporters.JUnitReportReporter -->
<testsuite skipped="0" hostname="VAX02296" name="stringTest.PSW_NY" tests="1" failures="0" timestamp="21 Jan 2021 13:57:23 GMT" time="124.483" errors="0">
  <testcase name="PSW" time="124.483" classname="stringTest.PSW_NY"/>
</testsuite> <!-- stringTest.PSW_NY -->
