<?xml version="1.0" encoding="UTF-8"?>
<!-- Generated by org.testng.reporters.JUnitReportReporter -->
<testsuite skipped="1" hostname="VAX02296" name="testcases.NSW.TC_004_Contacts" tests="1" failures="0" timestamp="05 Nov 2020 06:39:54 GMT" time="0.000" errors="0">
  <testcase name="contacts" time="0.000" classname="testcases.NSW.TC_004_Contacts">
    <skipped/>
  </testcase> <!-- contacts -->
</testsuite> <!-- testcases.NSW.TC_004_Contacts -->
