<?xml version="1.0" encoding="UTF-8"?>
<!-- Generated by org.testng.reporters.JUnitReportReporter -->
<testsuite hostname="VAX01391" name="testcases.TPA.TC_006_TPAContracts" tests="1" failures="0" timestamp="11 Jun 2020 06:50:40 GMT" time="43.473" errors="0">
  <testcase name="TPAContracts" time="43.473" classname="testcases.TPA.TC_006_TPAContracts"/>
</testsuite> <!-- testcases.TPA.TC_006_TPAContracts -->
