<?xml version="1.0" encoding="UTF-8"?>
<!-- Generated by org.testng.reporters.JUnitReportReporter -->
<testsuite hostname="VAX00448" name="testcases.TPA.TC_004_iLoans" tests="1" failures="0" timestamp="11 Oct 2020 10:02:53 GMT" time="232.852" errors="0">
  <testcase name="EmployeePages" time="232.852" classname="testcases.TPA.TC_004_iLoans"/>
</testsuite> <!-- testcases.TPA.TC_004_iLoans -->
