<?xml version="1.0" encoding="UTF-8"?>
<!-- Generated by org.testng.reporters.JUnitReportReporter -->
<testsuite skipped="0" hostname="VAX02296" name="testcases.EZK.TC_004_QuickLinks" tests="1" failures="0" timestamp="21 Dec 2020 09:57:36 GMT" time="65.407" errors="0">
  <testcase name="QuickLinks" time="65.407" classname="testcases.EZK.TC_004_QuickLinks"/>
</testsuite> <!-- testcases.EZK.TC_004_QuickLinks -->
