<?xml version="1.0" encoding="UTF-8"?>
<!-- Generated by org.testng.reporters.JUnitReportReporter -->
<testsuite hostname="VAX01391" name="testcases.TPA.TC_005_FundsAndPerformance" tests="1" failures="0" timestamp="8 Mar 2020 17:11:29 GMT" time="468.469" errors="0">
  <testcase name="FundsAndPerformance" time="468.469" classname="testcases.TPA.TC_005_FundsAndPerformance"/>
</testsuite> <!-- testcases.TPA.TC_005_FundsAndPerformance -->
