<?xml version="1.0" encoding="UTF-8"?>
<!-- Generated by org.testng.reporters.JUnitReportReporter -->
<testsuite name="testcases.PSW.TC_002_OnlineLoansAndWithdrawalsRequests" tests="1" time="78.210" ignored="20" failures="0" timestamp="26 Jun 2019 14:54:02 GMT" skipped="0" hostname="VMEXTPRS18968" errors="0">
  <testcase name="iLoans" time="78.210" classname="testcases.PSW.TC_002_OnlineLoansAndWithdrawalsRequests"/>
  <testcase name="afterSuite" classname="test.Sel.Project">
    <skipped/>
  </testcase> <!-- afterSuite -->
  <testcase name="afterSuite" classname="test.Sel.Project">
    <skipped/>
  </testcase> <!-- afterSuite -->
  <testcase name="afterSuite" classname="test.Sel.Project">
    <skipped/>
  </testcase> <!-- afterSuite -->
  <testcase name="afterSuite" classname="test.Sel.Project">
    <skipped/>
  </testcase> <!-- afterSuite -->
  <testcase name="afterSuite" classname="test.Sel.Project">
    <skipped/>
  </testcase> <!-- afterSuite -->
  <testcase name="afterSuite" classname="test.Sel.Project">
    <skipped/>
  </testcase> <!-- afterSuite -->
  <testcase name="afterSuite" classname="test.Sel.Project">
    <skipped/>
  </testcase> <!-- afterSuite -->
  <testcase name="afterSuite" classname="test.Sel.Project">
    <skipped/>
  </testcase> <!-- afterSuite -->
  <testcase name="afterSuite" classname="test.Sel.Project">
    <skipped/>
  </testcase> <!-- afterSuite -->
  <testcase name="afterSuite" classname="test.Sel.Project">
    <skipped/>
  </testcase> <!-- afterSuite -->
  <testcase name="beforeSuite" classname="test.Sel.Project">
    <skipped/>
  </testcase> <!-- beforeSuite -->
  <testcase name="beforeSuite" classname="test.Sel.Project">
    <skipped/>
  </testcase> <!-- beforeSuite -->
  <testcase name="beforeSuite" classname="test.Sel.Project">
    <skipped/>
  </testcase> <!-- beforeSuite -->
  <testcase name="beforeSuite" classname="test.Sel.Project">
    <skipped/>
  </testcase> <!-- beforeSuite -->
  <testcase name="beforeSuite" classname="test.Sel.Project">
    <skipped/>
  </testcase> <!-- beforeSuite -->
  <testcase name="beforeSuite" classname="test.Sel.Project">
    <skipped/>
  </testcase> <!-- beforeSuite -->
  <testcase name="beforeSuite" classname="test.Sel.Project">
    <skipped/>
  </testcase> <!-- beforeSuite -->
  <testcase name="beforeSuite" classname="test.Sel.Project">
    <skipped/>
  </testcase> <!-- beforeSuite -->
  <testcase name="beforeSuite" classname="test.Sel.Project">
    <skipped/>
  </testcase> <!-- beforeSuite -->
  <testcase name="beforeSuite" classname="test.Sel.Project">
    <skipped/>
  </testcase> <!-- beforeSuite -->
</testsuite> <!-- testcases.PSW.TC_002_OnlineLoansAndWithdrawalsRequests -->
