<?xml version="1.0" encoding="UTF-8"?>
<!-- Generated by org.testng.reporters.JUnitReportReporter -->
<testsuite hostname="VAX01391" name="testcases.TPA.TC_009_TPA_Miscellaneous" tests="1" failures="0" timestamp="23 Jul 2020 13:14:59 GMT" time="97.477" errors="0">
  <testcase name="TPA_Miscellaneous" time="97.477" classname="testcases.TPA.TC_009_TPA_Miscellaneous"/>
</testsuite> <!-- testcases.TPA.TC_009_TPA_Miscellaneous -->
