<?xml version="1.0" encoding="UTF-8"?>
<!-- Generated by org.testng.reporters.JUnitReportReporter -->
<testsuite name="testcases.NSW.TC_001_TestCase01" tests="1" time="32.547" ignored="0" failures="0" timestamp="19 Sep 2019 08:51:53 GMT" skipped="0" hostname="VMEXTPRS18968" errors="0">
  <testcase name="ContractContextPage" time="32.547" classname="testcases.NSW.TC_001_TestCase01"/>
</testsuite> <!-- testcases.NSW.TC_001_TestCase01 -->
