<?xml version="1.0" encoding="UTF-8"?>
<!-- Generated by org.testng.reporters.JUnitReportReporter -->
<testsuite hostname="VAX00448" name="testcases.PSW.TC_005_Participants" tests="1" failures="0" timestamp="11 Oct 2020 09:28:54 GMT" time="124.386" errors="0">
  <testcase name="QuickLinks" time="124.386" classname="testcases.PSW.TC_005_Participants"/>
</testsuite> <!-- testcases.PSW.TC_005_Participants -->
