<?xml version="1.0" encoding="UTF-8"?>
<!-- Generated by org.testng.reporters.JUnitReportReporter -->
<testsuite name="testcases.PSW.TC_003_FundsAndPerformance" tests="1" time="58.626" ignored="20" failures="0" timestamp="26 Jun 2019 14:54:02 GMT" skipped="0" hostname="VMEXTPRS18968" errors="0">
  <testcase name="FundsAndPerformance" time="58.626" classname="testcases.PSW.TC_003_FundsAndPerformance"/>
  <testcase name="afterSuite" classname="test.Sel.Project">
    <skipped/>
  </testcase> <!-- afterSuite -->
  <testcase name="afterSuite" classname="test.Sel.Project">
    <skipped/>
  </testcase> <!-- afterSuite -->
  <testcase name="afterSuite" classname="test.Sel.Project">
    <skipped/>
  </testcase> <!-- afterSuite -->
  <testcase name="afterSuite" classname="test.Sel.Project">
    <skipped/>
  </testcase> <!-- afterSuite -->
  <testcase name="afterSuite" classname="test.Sel.Project">
    <skipped/>
  </testcase> <!-- afterSuite -->
  <testcase name="afterSuite" classname="test.Sel.Project">
    <skipped/>
  </testcase> <!-- afterSuite -->
  <testcase name="afterSuite" classname="test.Sel.Project">
    <skipped/>
  </testcase> <!-- afterSuite -->
  <testcase name="afterSuite" classname="test.Sel.Project">
    <skipped/>
  </testcase> <!-- afterSuite -->
  <testcase name="afterSuite" classname="test.Sel.Project">
    <skipped/>
  </testcase> <!-- afterSuite -->
  <testcase name="afterSuite" classname="test.Sel.Project">
    <skipped/>
  </testcase> <!-- afterSuite -->
  <testcase name="beforeSuite" classname="test.Sel.Project">
    <skipped/>
  </testcase> <!-- beforeSuite -->
  <testcase name="beforeSuite" classname="test.Sel.Project">
    <skipped/>
  </testcase> <!-- beforeSuite -->
  <testcase name="beforeSuite" classname="test.Sel.Project">
    <skipped/>
  </testcase> <!-- beforeSuite -->
  <testcase name="beforeSuite" classname="test.Sel.Project">
    <skipped/>
  </testcase> <!-- beforeSuite -->
  <testcase name="beforeSuite" classname="test.Sel.Project">
    <skipped/>
  </testcase> <!-- beforeSuite -->
  <testcase name="beforeSuite" classname="test.Sel.Project">
    <skipped/>
  </testcase> <!-- beforeSuite -->
  <testcase name="beforeSuite" classname="test.Sel.Project">
    <skipped/>
  </testcase> <!-- beforeSuite -->
  <testcase name="beforeSuite" classname="test.Sel.Project">
    <skipped/>
  </testcase> <!-- beforeSuite -->
  <testcase name="beforeSuite" classname="test.Sel.Project">
    <skipped/>
  </testcase> <!-- beforeSuite -->
  <testcase name="beforeSuite" classname="test.Sel.Project">
    <skipped/>
  </testcase> <!-- beforeSuite -->
</testsuite> <!-- testcases.PSW.TC_003_FundsAndPerformance -->
