<?xml version="1.0" encoding="UTF-8"?>
<!-- Generated by org.testng.reporters.JUnitReportReporter -->
<testsuite skipped="0" hostname="VAX02296" name="stringTest.FRW" tests="1" failures="0" timestamp="24 Feb 2021 15:01:24 GMT" time="26.466" errors="0">
  <testcase name="FRW" time="26.466" classname="stringTest.FRW"/>
</testsuite> <!-- stringTest.FRW -->
